2024-09-13 16:44:31 - ERROR - Error occurred in module A at 2024-09-13 16:44:31.825921
2024-09-13 16:44:32 - ERROR - Error occurred in module B at 2024-09-13 16:44:32.176721
2024-09-13 16:44:32 - CRITICAL - Critical failure in system component Z
2024-09-13 16:44:32 - ERROR - Error occurred in module A at 2024-09-13 16:44:32.859418
2024-09-13 16:44:33 - CRITICAL - Critical failure in system component X
2024-09-13 16:44:33 - INFO - Info message number 84
2024-09-13 16:44:33 - INFO - Info message number 91
2024-09-13 16:44:33 - ERROR - Error occurred in module B at 2024-09-13 16:44:33.934851
2024-09-13 16:44:34 - WARNING - Warning: potential issue detected at 25
2024-09-13 16:44:34 - CRITICAL - Critical failure in system component X
2024-09-13 16:44:35 - CRITICAL - Critical failure in system component Z
2024-09-13 16:44:35 - WARNING - Warning: potential issue detected at 7
2024-09-13 16:44:35 - INFO - Info message number 79
2024-09-13 16:44:36 - ERROR - Error occurred in module C at 2024-09-13 16:44:36.664937
2024-09-13 16:44:36 - ERROR - Error occurred in module B at 2024-09-13 16:44:36.794517
2024-09-13 16:44:37 - WARNING - Warning: potential issue detected at 38
2024-09-13 16:44:38 - ERROR - Error occurred in module C at 2024-09-13 16:44:38.193983
2024-09-13 16:44:38 - INFO - Info message number 18
2024-09-13 16:44:38 - WARNING - Warning: potential issue detected at 7
2024-09-13 16:44:39 - INFO - Info message number 92
2024-09-13 16:44:39 - ERROR - Error occurred in module B at 2024-09-13 16:44:39.463057
2024-09-13 16:44:39 - WARNING - Warning: potential issue detected at 48
2024-09-13 16:44:40 - INFO - Info message number 43
2024-09-13 16:44:40 - CRITICAL - Critical failure in system component X
2024-09-13 16:44:40 - ERROR - Error occurred in module A at 2024-09-13 16:44:40.810532
2024-09-13 16:44:40 - ERROR - Error occurred in module B at 2024-09-13 16:44:40.997033
2024-09-13 16:44:41 - CRITICAL - Critical failure in system component Z
2024-09-13 16:44:43 - CRITICAL - Critical failure in system component Y
2024-09-13 16:44:44 - ERROR - Error occurred in module A at 2024-09-13 16:44:44.127763
2024-09-13 16:44:44 - ERROR - Error occurred in module A at 2024-09-13 16:44:44.478041
2024-09-13 16:44:45 - WARNING - Warning: potential issue detected at 45
